<?xml version="1.0" encoding="UTF-8"?>
<!-- Generated by org.testng.reporters.JUnitXMLReporter -->
<testsuite ignored="1" hostname="DESKTOP-1KBM4TD" failures="0" tests="1" name="Default test" time="10.139" errors="0" timestamp="2024-11-30T13:32:29 ICT">
  <testcase classname="automation.testsuite.QuanLyNguoiDungTest" name="ThemNguoiDungThanhCong" time="3.053"/>
  <testcase classname="automation.testsuite.QuanLyNguoiDungTest" name="ThemNguoiDungThatBai_DuLieuSaiDinhDang" time="0.0">
    <ignored/>
  </testcase> <!-- ThemNguoiDungThatBai_DuLieuSaiDinhDang -->
</testsuite> <!-- Default test -->
