<?xml version="1.0" encoding="UTF-8"?>
<!-- Generated by org.testng.reporters.JUnitXMLReporter -->
<testsuite ignored="0" hostname="DESKTOP-1KBM4TD" failures="0" tests="5" name="Default test" time="59.468" errors="0" timestamp="2024-11-23T12:38:10 ICT">
  <testcase classname="automation.testsuite.LoginTest" name="loginSucessfully" time="4.407"/>
  <testcase classname="automation.testsuite.LoginTest" name="loginFail_IncorrectEmail" time="3.737"/>
  <testcase classname="automation.testsuite.LoginTest" name="loginFail_IncorrectPass" time="3.874"/>
  <testcase classname="automation.testsuite.LoginTest" name="loginFail_Incorrect" time="3.68"/>
  <testcase classname="automation.testsuite.LoginTest" name="logout" time="14.472"/>
</testsuite> <!-- Default test -->
