<?xml version="1.0" encoding="UTF-8"?>
<testng-results ignored="0" total="1" passed="1" failed="0" skipped="0">
  <reporter-output>
  </reporter-output>
  <suite started-at="2024-10-27T21:05:35 ICT" name="Default suite" finished-at="2024-10-27T21:05:35 ICT" duration-ms="79">
    <groups>
    </groups>
    <test started-at="2024-10-27T21:05:35 ICT" name="Default test" finished-at="2024-10-27T21:05:35 ICT" duration-ms="79">
      <class name="automation.testsuite.Login">
        <test-method is-config="true" signature="init()[pri:0, instance:automation.testsuite.Login@441772e]" started-at="2024-10-27T21:05:35 ICT" name="init" finished-at="2024-10-27T21:05:35 ICT" duration-ms="7" status="PASS">
          <reporter-output>
          </reporter-output>
        </test-method> <!-- init -->
        <test-method signature="testcase1()[pri:0, instance:automation.testsuite.Login@441772e]" started-at="2024-10-27T21:05:35 ICT" name="testcase1" finished-at="2024-10-27T21:05:35 ICT" duration-ms="13" status="PASS">
          <reporter-output>
          </reporter-output>
        </test-method> <!-- testcase1 -->
      </class> <!-- automation.testsuite.Login -->
    </test> <!-- Default test -->
  </suite> <!-- Default suite -->
</testng-results>
